{
  "overview": {
    "total_test_suites": 3,
    "passed_suites": 1,
    "failed_suites": 2,
    "success_rate": 33.33333333333333,
    "health_status": "\ud83d\udd34 CRITICAL",
    "total_execution_time": 97.26927328109741
  },
  "issues": {
    "network_connectivity": [],
    "scraper_functionality": [],
    "dashboard_ui": [],
    "environment_setup": [
      "Browser automation issues"
    ]
  },
  "recommendations": [
    "\ud83d\udd27 Install Playwright browsers: playwright install"
  ],
  "detailed_results": {
    "API Endpoints": {
      "test_name": "API Endpoints",
      "success": true,
      "execution_time": 68.73241877555847,
      "return_code": 0,
      "stdout": "\ud83d\ude80 JOBBOT API TESTING SUITE\n============================================================\n1\ufe0f\u20e3 Basic Connectivity Tests:\n\u2705 PASS Health Endpoint\n   Health check passed in 0.00s\n\n\u2705 PASS Scraping Status\n   Crawlee status: healthy\n\n\u2705 PASS Supported Sites\n   Found 1 supported sites\n\n\u2705 PASS Economics Endpoint\n   Economics: \ud83c\udf7d\ufe0f EATEN! \ud83d\udc80\n\n\n2\ufe0f\u20e3 Scraping Functionality Tests:\n\ud83d\udd25 Testing Multiple Search Combinations:\n==================================================\nTesting scraping: 'software engineer' in 'San Francisco, CA' (max 3 jobs)\n\u2705 PASS Scraping: software engineer in San Francisco, CA\n   Found 0 jobs, saved 0\n\nTesting scraping: 'data scientist' in 'New York, NY' (max 3 jobs)\n\u2705 PASS Scraping: data scientist in New York, NY\n   Found 0 jobs, saved 0\n\nTesting scraping: 'python developer' in 'Remote' (max 3 jobs)\n\u2705 PASS Scraping: python developer in Remote\n   Found 0 jobs, saved 0\n\nTesting scraping: 'software engineer' in 'Grass Valley, CA' (max 3 jobs)\n\u2705 PASS Scraping: software engineer in Grass Valley, CA\n   Found 0 jobs, saved 0\n\nTesting scraping: 'web developer' in 'Austin, TX' (max 3 jobs)\n\u2705 PASS Scraping: web developer in Austin, TX\n   Found 0 jobs, saved 0\n\n\n============================================================\n\ud83d\udcca API TESTING REPORT\n============================================================\nTotal Tests: 9\n\u2705 Passed: 9\n\u274c Failed: 0\nSuccess Rate: 100.0%\n\n\ud83d\udcc4 Detailed report saved: tests/results/api_test_report_1748373066.json\n",
      "stderr": "",
      "summary": "PASSED in 68.7s"
    },
    "Direct Scraper": {
      "test_name": "Direct Scraper",
      "success": false,
      "execution_time": 28.460185766220093,
      "return_code": 1,
      "stdout": "\ud83e\udd16 JOBBOT SCRAPER TESTING SUITE\n============================================================\n1\ufe0f\u20e3 Environment Tests:\n\u2705 PASS Node.js Availability\n   Node.js v18.19.1 available\n\n\u2705 PASS Scraper Dependencies\n   Dependencies installed successfully\n\n\n2\ufe0f\u20e3 Scraper Functionality Tests:\n\u274c FAIL CSS Selectors Test\n   Error: file:///home/ender/.claude/projects/job-search-automation/tests/temp_selector_test.js:2\nconst { chromium } = require('playwright');\n                     ^\n\nReferenceError: require is not defined in ES module scope, you can use import instead\nThis file is being treated as an ES module because it has a '.js' file extension and '/home/ender/.claude/projects/job-search-automation/package.json' contains \"type\": \"module\". To treat it as a CommonJS script, rename it to use the '.cjs' file extension.\n    at file:///home/ender/.claude/projects/job-search-automation/tests/temp_selector_test.js:2:22\n    at ModuleJob.run (node:internal/modules/esm/module_job:195:25)\n    at async ModuleLoader.import (node:internal/modules/esm/loader:336:24)\n    at async loadESM (node:internal/process/esm_loader:34:7)\n    at async handleMainPromise (node:internal/modules/run_main:106:12)\n\nNode.js v18.19.1\n\n\n\ud83c\udf0d Testing Multiple Locations:\n==================================================\n\ud83d\udd0d Running: node src/crawlee-scraper.js --search software engineer --location San Francisco, CA --max-jobs 3 --site indeed --debug\n\u274c FAIL Direct Scraping: software engineer\n   Error: node:internal/errors:496\n    ErrorCaptureStackTrace(err);\n    ^\n\nTypeError [ERR_PARSE_ARGS_UNKNOWN_OPTION]: Unknown option '--max-jobs'\n    at new NodeError (node:internal/errors:405:5)\n    at checkOptionUsage (node:internal/util/parse_args/parse_args:98:11)\n    at node:internal/util/parse_args/parse_args:360:9\n    at Array.forEach (<anonymous>)\n    at parseArgs (node:internal/util/parse_args/parse_args:357:3)\n    at file:///home/ender/.claude/projects/job-search-automation/src/crawlee-scraper.js:19:26\n    at ModuleJob.run (node:internal/modules/esm/module_job:195:25)\n    at async ModuleLoader.import (node:internal/modules/esm/loader:336:24)\n    at async loadESM (node:internal/process/esm_loader:34:7)\n    at async handleMainPromise (node:internal/modules/run_main:106:12) {\n  code: 'ERR_PARSE_ARGS_UNKNOWN_OPTION'\n}\n\nNode.js v18.19.1\n\n\n\ud83d\udd0d Running: node src/crawlee-scraper.js --search python developer --location New York, NY --max-jobs 3 --site indeed --debug\n\u274c FAIL Direct Scraping: python developer\n   Error: node:internal/errors:496\n    ErrorCaptureStackTrace(err);\n    ^\n\nTypeError [ERR_PARSE_ARGS_UNKNOWN_OPTION]: Unknown option '--max-jobs'\n    at new NodeError (node:internal/errors:405:5)\n    at checkOptionUsage (node:internal/util/parse_args/parse_args:98:11)\n    at node:internal/util/parse_args/parse_args:360:9\n    at Array.forEach (<anonymous>)\n    at parseArgs (node:internal/util/parse_args/parse_args:357:3)\n    at file:///home/ender/.claude/projects/job-search-automation/src/crawlee-scraper.js:19:26\n    at ModuleJob.run (node:internal/modules/esm/module_job:195:25)\n    at async ModuleLoader.import (node:internal/modules/esm/loader:336:24)\n    at async loadESM (node:internal/process/esm_loader:34:7)\n    at async handleMainPromise (node:internal/modules/run_main:106:12) {\n  code: 'ERR_PARSE_ARGS_UNKNOWN_OPTION'\n}\n\nNode.js v18.19.1\n\n\n\ud83d\udd0d Running: node src/crawlee-scraper.js --search javascript developer --location Remote --max-jobs 3 --site indeed --debug\n\u274c FAIL Direct Scraping: javascript developer\n   Error: node:internal/errors:496\n    ErrorCaptureStackTrace(err);\n    ^\n\nTypeError [ERR_PARSE_ARGS_UNKNOWN_OPTION]: Unknown option '--max-jobs'\n    at new NodeError (node:internal/errors:405:5)\n    at checkOptionUsage (node:internal/util/parse_args/parse_args:98:11)\n    at node:internal/util/parse_args/parse_args:360:9\n    at Array.forEach (<anonymous>)\n    at parseArgs (node:internal/util/parse_args/parse_args:357:3)\n    at file:///home/ender/.claude/projects/job-search-automation/src/crawlee-scraper.js:19:26\n    at ModuleJob.run (node:internal/modules/esm/module_job:195:25)\n    at async ModuleLoader.import (node:internal/modules/esm/loader:336:24)\n    at async loadESM (node:internal/process/esm_loader:34:7)\n    at async handleMainPromise (node:internal/modules/run_main:106:12) {\n  code: 'ERR_PARSE_ARGS_UNKNOWN_OPTION'\n}\n\nNode.js v18.19.1\n\n\n\ud83d\udd0d Running: node src/crawlee-scraper.js --search react developer --location Austin, TX --max-jobs 3 --site indeed --debug\n\u274c FAIL Direct Scraping: react developer\n   Error: node:internal/errors:496\n    ErrorCaptureStackTrace(err);\n    ^\n\nTypeError [ERR_PARSE_ARGS_UNKNOWN_OPTION]: Unknown option '--max-jobs'\n    at new NodeError (node:internal/errors:405:5)\n    at checkOptionUsage (node:internal/util/parse_args/parse_args:98:11)\n    at node:internal/util/parse_args/parse_args:360:9\n    at Array.forEach (<anonymous>)\n    at parseArgs (node:internal/util/parse_args/parse_args:357:3)\n    at file:///home/ender/.claude/projects/job-search-automation/src/crawlee-scraper.js:19:26\n    at ModuleJob.run (node:internal/modules/esm/module_job:195:25)\n    at async ModuleLoader.import (node:internal/modules/esm/loader:336:24)\n    at async loadESM (node:internal/process/esm_loader:34:7)\n    at async handleMainPromise (node:internal/modules/run_main:106:12) {\n  code: 'ERR_PARSE_ARGS_UNKNOWN_OPTION'\n}\n\nNode.js v18.19.1\n\n\n\ud83d\udd0d Running: node src/crawlee-scraper.js --search software engineer --location Grass Valley, CA --max-jobs 3 --site indeed --debug\n\u274c FAIL Direct Scraping: software engineer\n   Error: node:internal/errors:496\n    ErrorCaptureStackTrace(err);\n    ^\n\nTypeError [ERR_PARSE_ARGS_UNKNOWN_OPTION]: Unknown option '--max-jobs'\n    at new NodeError (node:internal/errors:405:5)\n    at checkOptionUsage (node:internal/util/parse_args/parse_args:98:11)\n    at node:internal/util/parse_args/parse_args:360:9\n    at Array.forEach (<anonymous>)\n    at parseArgs (node:internal/util/parse_args/parse_args:357:3)\n    at file:///home/ender/.claude/projects/job-search-automation/src/crawlee-scraper.js:19:26\n    at ModuleJob.run (node:internal/modules/esm/module_job:195:25)\n    at async ModuleLoader.import (node:internal/modules/esm/loader:336:24)\n    at async loadESM (node:internal/process/esm_loader:34:7)\n    at async handleMainPromise (node:internal/modules/run_main:106:12) {\n  code: 'ERR_PARSE_ARGS_UNKNOWN_OPTION'\n}\n\nNode.js v18.19.1\n\n\n\n============================================================\n\ud83e\udd16 SCRAPER TESTING REPORT\n============================================================\nTotal Tests: 8\n\u2705 Passed: 2\n\u274c Failed: 6\nSuccess Rate: 25.0%\n\n\ud83d\udd25 FAILED TESTS:\n  \u2022 CSS Selectors Test: file:///home/ender/.claude/projects/job-search-automation/tests/temp_selector_test.js:2\nconst { chromium } = require('playwright');\n                     ^\n\nReferenceError: require is not defined in ES module scope, you can use import instead\nThis file is being treated as an ES module because it has a '.js' file extension and '/home/ender/.claude/projects/job-search-automation/package.json' contains \"type\": \"module\". To treat it as a CommonJS script, rename it to use the '.cjs' file extension.\n    at file:///home/ender/.claude/projects/job-search-automation/tests/temp_selector_test.js:2:22\n    at ModuleJob.run (node:internal/modules/esm/module_job:195:25)\n    at async ModuleLoader.import (node:internal/modules/esm/loader:336:24)\n    at async loadESM (node:internal/process/esm_loader:34:7)\n    at async handleMainPromise (node:internal/modules/run_main:106:12)\n\nNode.js v18.19.1\n\n  \u2022 Direct Scraping: software engineer: node:internal/errors:496\n    ErrorCaptureStackTrace(err);\n    ^\n\nTypeError [ERR_PARSE_ARGS_UNKNOWN_OPTION]: Unknown option '--max-jobs'\n    at new NodeError (node:internal/errors:405:5)\n    at checkOptionUsage (node:internal/util/parse_args/parse_args:98:11)\n    at node:internal/util/parse_args/parse_args:360:9\n    at Array.forEach (<anonymous>)\n    at parseArgs (node:internal/util/parse_args/parse_args:357:3)\n    at file:///home/ender/.claude/projects/job-search-automation/src/crawlee-scraper.js:19:26\n    at ModuleJob.run (node:internal/modules/esm/module_job:195:25)\n    at async ModuleLoader.import (node:internal/modules/esm/loader:336:24)\n    at async loadESM (node:internal/process/esm_loader:34:7)\n    at async handleMainPromise (node:internal/modules/run_main:106:12) {\n  code: 'ERR_PARSE_ARGS_UNKNOWN_OPTION'\n}\n\nNode.js v18.19.1\n\n  \u2022 Direct Scraping: python developer: node:internal/errors:496\n    ErrorCaptureStackTrace(err);\n    ^\n\nTypeError [ERR_PARSE_ARGS_UNKNOWN_OPTION]: Unknown option '--max-jobs'\n    at new NodeError (node:internal/errors:405:5)\n    at checkOptionUsage (node:internal/util/parse_args/parse_args:98:11)\n    at node:internal/util/parse_args/parse_args:360:9\n    at Array.forEach (<anonymous>)\n    at parseArgs (node:internal/util/parse_args/parse_args:357:3)\n    at file:///home/ender/.claude/projects/job-search-automation/src/crawlee-scraper.js:19:26\n    at ModuleJob.run (node:internal/modules/esm/module_job:195:25)\n    at async ModuleLoader.import (node:internal/modules/esm/loader:336:24)\n    at async loadESM (node:internal/process/esm_loader:34:7)\n    at async handleMainPromise (node:internal/modules/run_main:106:12) {\n  code: 'ERR_PARSE_ARGS_UNKNOWN_OPTION'\n}\n\nNode.js v18.19.1\n\n  \u2022 Direct Scraping: javascript developer: node:internal/errors:496\n    ErrorCaptureStackTrace(err);\n    ^\n\nTypeError [ERR_PARSE_ARGS_UNKNOWN_OPTION]: Unknown option '--max-jobs'\n    at new NodeError (node:internal/errors:405:5)\n    at checkOptionUsage (node:internal/util/parse_args/parse_args:98:11)\n    at node:internal/util/parse_args/parse_args:360:9\n    at Array.forEach (<anonymous>)\n    at parseArgs (node:internal/util/parse_args/parse_args:357:3)\n    at file:///home/ender/.claude/projects/job-search-automation/src/crawlee-scraper.js:19:26\n    at ModuleJob.run (node:internal/modules/esm/module_job:195:25)\n    at async ModuleLoader.import (node:internal/modules/esm/loader:336:24)\n    at async loadESM (node:internal/process/esm_loader:34:7)\n    at async handleMainPromise (node:internal/modules/run_main:106:12) {\n  code: 'ERR_PARSE_ARGS_UNKNOWN_OPTION'\n}\n\nNode.js v18.19.1\n\n  \u2022 Direct Scraping: react developer: node:internal/errors:496\n    ErrorCaptureStackTrace(err);\n    ^\n\nTypeError [ERR_PARSE_ARGS_UNKNOWN_OPTION]: Unknown option '--max-jobs'\n    at new NodeError (node:internal/errors:405:5)\n    at checkOptionUsage (node:internal/util/parse_args/parse_args:98:11)\n    at node:internal/util/parse_args/parse_args:360:9\n    at Array.forEach (<anonymous>)\n    at parseArgs (node:internal/util/parse_args/parse_args:357:3)\n    at file:///home/ender/.claude/projects/job-search-automation/src/crawlee-scraper.js:19:26\n    at ModuleJob.run (node:internal/modules/esm/module_job:195:25)\n    at async ModuleLoader.import (node:internal/modules/esm/loader:336:24)\n    at async loadESM (node:internal/process/esm_loader:34:7)\n    at async handleMainPromise (node:internal/modules/run_main:106:12) {\n  code: 'ERR_PARSE_ARGS_UNKNOWN_OPTION'\n}\n\nNode.js v18.19.1\n\n  \u2022 Direct Scraping: software engineer: node:internal/errors:496\n    ErrorCaptureStackTrace(err);\n    ^\n\nTypeError [ERR_PARSE_ARGS_UNKNOWN_OPTION]: Unknown option '--max-jobs'\n    at new NodeError (node:internal/errors:405:5)\n    at checkOptionUsage (node:internal/util/parse_args/parse_args:98:11)\n    at node:internal/util/parse_args/parse_args:360:9\n    at Array.forEach (<anonymous>)\n    at parseArgs (node:internal/util/parse_args/parse_args:357:3)\n    at file:///home/ender/.claude/projects/job-search-automation/src/crawlee-scraper.js:19:26\n    at ModuleJob.run (node:internal/modules/esm/module_job:195:25)\n    at async ModuleLoader.import (node:internal/modules/esm/loader:336:24)\n    at async loadESM (node:internal/process/esm_loader:34:7)\n    at async handleMainPromise (node:internal/modules/run_main:106:12) {\n  code: 'ERR_PARSE_ARGS_UNKNOWN_OPTION'\n}\n\nNode.js v18.19.1\n\n\n\ud83d\udcc4 Detailed report saved: tests/results/scraper_test_report_1748373095.json\n",
      "stderr": "",
      "summary": "FAILED in 28.5s"
    },
    "Dashboard E2E": {
      "test_name": "Dashboard E2E",
      "success": false,
      "execution_time": 0.07645654678344727,
      "return_code": 1,
      "stdout": "",
      "stderr": "Traceback (most recent call last):\n  File \"/home/ender/.claude/projects/job-search-automation/tests/test_dashboard_e2e.py\", line 18, in <module>\n    from playwright.async_api import async_playwright, Browser, Page\nModuleNotFoundError: No module named 'playwright'\n",
      "summary": "FAILED in 0.1s"
    }
  }
}